<?xml version="1.0" encoding="UTF-8"?>
<!-- Generated by org.testng.reporters.JUnitReportReporter -->
<testsuite skipped="0" hostname="Karthik-LT" name="excelRead.ExcelHashmap" tests="1" failures="0" timestamp="27 Sep 2020 07:39:02 GMT" time="0.743" errors="0">
  <testcase name="excelhash" time="0.743" classname="excelRead.ExcelHashmap"/>
</testsuite> <!-- excelRead.ExcelHashmap -->
